BLASTP 2.11.0+


Reference: Stephen F. Altschul, Thomas L. Madden, Alejandro A.
Schaffer, Jinghui Zhang, Zheng Zhang, Webb Miller, and David J.
Lipman (1997), "Gapped BLAST and PSI-BLAST: a new generation of
protein database search programs", Nucleic Acids Res. 25:3389-3402.


Reference for composition-based statistics: Alejandro A. Schaffer,
L. Aravind, Thomas L. Madden, Sergei Shavirin, John L. Spouge, Yuri
I. Wolf, Eugene V. Koonin, and Stephen F. Altschul (2001),
"Improving the accuracy of PSI-BLAST protein database searches with
composition-based statistics and other refinements", Nucleic Acids
Res. 29:2994-3005.



Database: ../../DB/pdbaa
           119,992 sequences; 31,531,979 total letters



Query= sp|C0HJG6|NLTL_JATCU Non-specific lipid-transfer protein-like
protein (Fragment) OS=Jatropha curcas OX=180498 PE=1 SV=1

Length=20


***** No hits found *****



Lambda      K        H        a         alpha
   0.320    0.128    0.393    0.792     4.96 

Gapped
Lambda      K        H        a         alpha    sigma
   0.267   0.0410    0.140     1.90     42.6     43.6 

Effective search space used: 630639580


  Database: ../../DB/pdbaa
    Posted date:  Dec 10, 2020  5:34 PM
  Number of letters in database: 31,531,979
  Number of sequences in database:  119,992



Matrix: BLOSUM62
Gap Penalties: Existence: 11, Extension: 1
Neighboring words threshold: 11
Window for multiple hits: 40
